<?xml version="1.0" encoding="UTF-8"?>
<!-- Generated by org.testng.reporters.JUnitXMLReporter -->
<testsuite hostname="soumyavaio" name="Test" tests="8" failures="0" timestamp="29 Apr 2018 09:46:12 GMT" time="9.345" errors="0">
  <testcase name="apiRespo" time="4.522" classname="restassured.ApiTest"/>
  <testcase name="apiResponse" time="2.454" classname="restassured.ApiTest"/>
  <testcase name="deleteTest" time="0.053" classname="restassured.Post_Delete_PutTest"/>
  <testcase name="postTest" time="0.137" classname="restassured.Post_Delete_PutTest"/>
  <testcase name="putTest" time="0.026" classname="restassured.Post_Delete_PutTest"/>
  <testcase name="getTest" time="0.105" classname="restassured.Post_Delete_PutTest"/>
  <testcase name="responceBody" time="1.538" classname="restassured.ResponceTest"/>
  <testcase name="responseCode" time="0.491" classname="restassured.ResponceTest"/>
</testsuite> <!-- Test -->
