<?xml version="1.0" encoding="UTF-8"?>
<testsuite xmlns:xsi="http://www.w3.org/2001/XMLSchema-instance" xsi:noNamespaceSchemaLocation="https://maven.apache.org/surefire/maven-surefire-plugin/xsd/surefire-test-report.xsd" name="TestSuite" time="9.752" tests="8" errors="0" skipped="0" failures="0">
  <properties>
[...]
</properties>
  <testcase name="apiRespo" classname="restassured.ApiTest" time="4.521"/>
  <testcase name="apiResponse" classname="restassured.ApiTest" time="2.453"/>
  <testcase name="deleteTest" classname="restassured.Post_Delete_PutTest" time="0.053"/>
  <testcase name="postTest" classname="restassured.Post_Delete_PutTest" time="0.137"/>
  <testcase name="putTest" classname="restassured.Post_Delete_PutTest" time="0.026"/>
  <testcase name="getTest" classname="restassured.Post_Delete_PutTest" time="0.105"/>
  <testcase name="responceBody" classname="restassured.ResponceTest" time="1.539"/>
  <testcase name="responseCode" classname="restassured.ResponceTest" time="0.491"/>
</testsuite>